<?xml version="1.0" encoding="UTF-8"?>
<!-- Generated by org.testng.reporters.JUnitReportReporter -->
<testsuite hostname="DESKTOP-077DMMD" failures="0" tests="5" name="Tokopedia.Test.RegistrationTest" time="28.105" errors="0" timestamp="2024-09-04T00:25:03 WIB" skipped="0">
  <testcase classname="Tokopedia.Test.RegistrationTest" name="validateRegistrationinvalidphonenumbertoshort" time="5.157"/>
  <testcase classname="Tokopedia.Test.RegistrationTest" name="validateRegistrationEmailorPhoneNull" time="4.964"/>
  <testcase classname="Tokopedia.Test.RegistrationTest" name="validateRegistrationinvalidphonenumbertolong" time="4.998"/>
  <testcase classname="Tokopedia.Test.RegistrationTest" name="validateRegistrationinvalidEmail" time="5.727"/>
  <testcase classname="Tokopedia.Test.RegistrationTest" name="validateRegistration" time="7.259"/>
</testsuite> <!-- Tokopedia.Test.RegistrationTest -->
