<?xml version="1.0" encoding="UTF-8"?>
<!-- Generated by org.testng.reporters.JUnitReportReporter -->
<testsuite hostname="DESKTOP-077DMMD" failures="0" tests="5" name="Tokopedia.Test.RegistrationTest" time="32.978" errors="0" timestamp="2024-09-04T00:43:06 WIB" skipped="0">
  <testcase classname="Tokopedia.Test.RegistrationTest" name="validateRegistrationinvalidEmail" time="5.987"/>
  <testcase classname="Tokopedia.Test.RegistrationTest" name="validateRegistrationinvalidphonenumbertolong" time="5.916"/>
  <testcase classname="Tokopedia.Test.RegistrationTest" name="validateRegistrationinvalidphonenumbertoshort" time="5.199"/>
  <testcase classname="Tokopedia.Test.RegistrationTest" name="validateRegistration" time="7.419"/>
  <testcase classname="Tokopedia.Test.RegistrationTest" name="validateRegistrationEmailorPhoneNull" time="8.457"/>
</testsuite> <!-- Tokopedia.Test.RegistrationTest -->
