<?xml version="1.0" encoding="UTF-8"?>
<!-- Generated by org.testng.reporters.JUnitReportReporter -->
<testsuite hostname="DESKTOP-077DMMD" failures="0" tests="5" name="Tokopedia.Test.SearchTest" time="39.004" errors="0" timestamp="2024-09-04T00:25:03 WIB" skipped="0">
  <testcase classname="Tokopedia.Test.SearchTest" name="TC3_Searchproductwithcategory" time="8.178"/>
  <testcase classname="Tokopedia.Test.SearchTest" name="TC1_searchvalidProduct" time="6.196"/>
  <testcase classname="Tokopedia.Test.SearchTest" name="TC5_SearchCategorywithdetailproduct" time="9.152"/>
  <testcase classname="Tokopedia.Test.SearchTest" name="TC4_Searchproductwithsubcategoty" time="9.083"/>
  <testcase classname="Tokopedia.Test.SearchTest" name="TC2_searchinvalidProduct" time="6.395"/>
</testsuite> <!-- Tokopedia.Test.SearchTest -->
