<?xml version="1.0" encoding="UTF-8"?>
<!-- Generated by org.testng.reporters.JUnitReportReporter -->
<testsuite hostname="DESKTOP-077DMMD" failures="0" tests="5" name="Tokopedia.Test.SearchTest" time="40.044" errors="0" timestamp="2024-09-03T23:33:20 WIB" skipped="0">
  <testcase classname="Tokopedia.Test.SearchTest" name="TC3_Searchproductwithcategory" time="8.087"/>
  <testcase classname="Tokopedia.Test.SearchTest" name="TC4_Searchproductwithsubcategoty" time="9.071"/>
  <testcase classname="Tokopedia.Test.SearchTest" name="TC5_SearchCategorywithdetailproduct" time="9.909"/>
  <testcase classname="Tokopedia.Test.SearchTest" name="TC2_searchinvalidProduct" time="6.348"/>
  <testcase classname="Tokopedia.Test.SearchTest" name="TC1_searchvalidProduct" time="6.629"/>
</testsuite> <!-- Tokopedia.Test.SearchTest -->
