<?xml version="1.0" encoding="UTF-8"?>
<!-- Generated by org.testng.reporters.JUnitReportReporter -->
<testsuite hostname="DESKTOP-077DMMD" failures="0" tests="1" name="Tokopedia.Test.SearchTest" time="10.231" errors="0" timestamp="2024-08-29T20:57:49 WIB" skipped="0">
  <testcase classname="Tokopedia.Test.SearchTest" name="TC5_SearchCategorywithdetailproduct" time="10.231"/>
</testsuite> <!-- Tokopedia.Test.SearchTest -->
